build/app/intermediates/manifest_merge_blame_file/release/manifest-merger-blame-release-report.txt
1<?xml version="1.0" encoding="utf-8"?>
2<manifest xmlns:android="http://schemas.android.com/apk/res/android"
3    package="com.coudeo.rstikapp"
4    android:versionCode="1"
5    android:versionName="1.0.0" >
6
7    <uses-sdk
8        android:minSdkVersion="21"
8-->src/main/AndroidManifest.xml
9        android:targetSdkVersion="28" />
9-->src/main/AndroidManifest.xml
10
11    <uses-permission android:name="android.permission.ACCESS_NETWORK_STATE" />
11-->[com.squareup.sdk.in-app-payments:in-app-payments:1.4.0] AndroidManifest.xml:9:5-79
11-->[com.squareup.sdk.in-app-payments:in-app-payments:1.4.0] AndroidManifest.xml:9:22-76
12    <uses-permission android:name="android.permission.INTERNET" />
12-->[com.squareup.sdk.in-app-payments:in-app-payments:1.4.0] AndroidManifest.xml:10:5-67
12-->[com.squareup.sdk.in-app-payments:in-app-payments:1.4.0] AndroidManifest.xml:10:22-64
13    <uses-permission android:name="android.permission.WAKE_LOCK" />
13-->[:firebase_analytics] AndroidManifest.xml:9:5-68
13-->[:firebase_analytics] AndroidManifest.xml:9:22-65
14    <uses-permission android:name="com.google.android.finsky.permission.BIND_GET_INSTALL_REFERRER_SERVICE" />
14-->[com.google.android.gms:play-services-measurement:17.2.2] AndroidManifest.xml:26:5-110
14-->[com.google.android.gms:play-services-measurement:17.2.2] AndroidManifest.xml:26:22-107
15
16    <uses-feature
16-->[com.google.android.gms:play-services-maps:16.0.0] AndroidManifest.xml:26:5-28:35
17        android:glEsVersion="0x00020000"
17-->[com.google.android.gms:play-services-maps:16.0.0] AndroidManifest.xml:27:9-41
18        android:required="true" /> <!-- Required by older versions of Google Play services to create IID tokens -->
18-->[com.google.android.gms:play-services-maps:16.0.0] AndroidManifest.xml:28:9-32
19    <uses-permission android:name="com.google.android.c2dm.permission.RECEIVE" />
19-->[com.google.firebase:firebase-iid:20.0.2] AndroidManifest.xml:26:5-82
19-->[com.google.firebase:firebase-iid:20.0.2] AndroidManifest.xml:26:22-79
20    <!--
21 io.flutter.app.FlutterApplication is an android.app.Application that
22         calls FlutterMain.startInitialization(this); in its onCreate method.
23         In most cases you can leave this as-is, but you if you want to provide
24         additional functionality it is fine to subclass or reimplement
25         FlutterApplication and put your custom class here.
26    -->
27    <application
27-->src/main/AndroidManifest.xml:8:5-51:19
28        android:name="io.flutter.app.FlutterApplication"
28-->src/main/AndroidManifest.xml:9:9-57
29        android:appComponentFactory="androidx.core.app.CoreComponentFactory"
29-->[androidx.core:core:1.1.0] AndroidManifest.xml:24:18-86
30        android:icon="@mipmap/ic_launcher"
30-->src/main/AndroidManifest.xml:11:9-43
31        android:label="rstikapp" >
31-->src/main/AndroidManifest.xml:10:9-33
32        <activity
32-->src/main/AndroidManifest.xml:12:9-44:20
33            android:name="com.coudeo.rstikapp.MainActivity"
33-->src/main/AndroidManifest.xml:13:13-41
34            android:configChanges="orientation|keyboardHidden|keyboard|screenSize|smallestScreenSize|locale|layoutDirection|fontScale|screenLayout|density|uiMode"
34-->src/main/AndroidManifest.xml:16:13-163
35            android:hardwareAccelerated="true"
35-->src/main/AndroidManifest.xml:17:13-47
36            android:launchMode="singleTop"
36-->src/main/AndroidManifest.xml:14:13-43
37            android:theme="@style/LaunchTheme"
37-->src/main/AndroidManifest.xml:15:13-47
38            android:windowSoftInputMode="adjustResize" >
38-->src/main/AndroidManifest.xml:18:13-55
39
40            <!--
41                 Specifies an Android theme to apply to this Activity as soon as
42                 the Android process has started. This theme is visible to the user
43                 while the Flutter UI initializes. After that, this theme continues
44                 to determine the Window background behind the Flutter UI.
45            -->
46            <meta-data
46-->src/main/AndroidManifest.xml:23:13-26:17
47                android:name="io.flutter.embedding.android.NormalTheme"
47-->src/main/AndroidManifest.xml:24:15-70
48                android:resource="@style/NormalTheme" />
48-->src/main/AndroidManifest.xml:25:15-52
49            <!--
50                 Displays an Android View that continues showing the launch screen
51                 Drawable until Flutter paints its first frame, then this splash
52                 screen fades out. A splash screen is useful to avoid any visual
53                 gap between the end of Android's launch screen and the painting of
54                 Flutter's first frame.
55            -->
56            <meta-data
56-->src/main/AndroidManifest.xml:32:13-35:17
57                android:name="io.flutter.embedding.android.SplashScreenDrawable"
57-->src/main/AndroidManifest.xml:33:15-79
58                android:resource="@drawable/launch_background" />
58-->src/main/AndroidManifest.xml:34:15-61
59            <meta-data
59-->src/main/AndroidManifest.xml:36:15-39:17
60                android:name="sqip.SQUARE_APPLICATION_ID"
60-->src/main/AndroidManifest.xml:37:15-56
61                android:value="sandbox-sq0idb-77Al5H9PTIkJnO8Ev0eTtg" />
61-->src/main/AndroidManifest.xml:38:15-68
62
63            <intent-filter>
63-->src/main/AndroidManifest.xml:40:13-43:29
64                <action android:name="android.intent.action.MAIN" />
64-->src/main/AndroidManifest.xml:41:17-68
64-->src/main/AndroidManifest.xml:41:25-66
65
66                <category android:name="android.intent.category.LAUNCHER" />
66-->src/main/AndroidManifest.xml:42:17-76
66-->src/main/AndroidManifest.xml:42:27-74
67            </intent-filter>
68        </activity>
69        <!--
70             Don't delete the meta-data below.
71             This is used by the Flutter tool to generate GeneratedPluginRegistrant.java
72        -->
73        <meta-data
73-->src/main/AndroidManifest.xml:47:9-49:33
74            android:name="flutterEmbedding"
74-->src/main/AndroidManifest.xml:48:13-44
75            android:value="2" />
75-->src/main/AndroidManifest.xml:49:13-30
76        <!-- <uses-permission android:name="android.permission.INTERNET"/> -->
77        <activity
77-->[com.squareup.sdk.in-app-payments:card-entry:1.4.0] AndroidManifest.xml:10:9-14:20
78            android:name="sqip.internal.CardEntryActivity"
78-->[com.squareup.sdk.in-app-payments:card-entry:1.4.0] AndroidManifest.xml:11:13-59
79            android:theme="@style/sqip.Theme.CardEntry"
79-->[com.squareup.sdk.in-app-payments:card-entry:1.4.0] AndroidManifest.xml:12:13-56
80            android:windowSoftInputMode="adjustResize" >
80-->[com.squareup.sdk.in-app-payments:card-entry:1.4.0] AndroidManifest.xml:13:13-55
81        </activity>
82        <activity
82-->[com.squareup.sdk.in-app-payments:buyer-verification:1.4.0] AndroidManifest.xml:10:9-13:58
83            android:name="sqip.internal.verification.BuyerVerificationActivity"
83-->[com.squareup.sdk.in-app-payments:buyer-verification:1.4.0] AndroidManifest.xml:11:13-80
84            android:theme="@style/sqip.Theme.BuyerVerification_Loading"
84-->[com.squareup.sdk.in-app-payments:buyer-verification:1.4.0] AndroidManifest.xml:12:13-72
85            android:windowSoftInputMode="adjustResize" />
85-->[com.squareup.sdk.in-app-payments:buyer-verification:1.4.0] AndroidManifest.xml:13:13-55
86
87        <provider
87-->[com.squareup.sdk.in-app-payments:nonce-api:1.4.0] AndroidManifest.xml:10:9-13:40
88            android:name="sqip.internal.ContextCaptureContentProvider"
88-->[com.squareup.sdk.in-app-payments:nonce-api:1.4.0] AndroidManifest.xml:11:13-71
89            android:authorities="com.coudeo.rstikapp.sqip"
89-->[com.squareup.sdk.in-app-payments:nonce-api:1.4.0] AndroidManifest.xml:12:13-56
90            android:exported="false" />
90-->[com.squareup.sdk.in-app-payments:nonce-api:1.4.0] AndroidManifest.xml:13:13-37
91
92        <service
92-->[:firebase_analytics] AndroidManifest.xml:12:9-16:19
93            android:name="com.google.firebase.components.ComponentDiscoveryService"
93-->[:firebase_analytics] AndroidManifest.xml:12:18-89
94            android:directBootAware="true"
94-->[com.google.firebase:firebase-common:19.3.0] AndroidManifest.xml:34:13-43
95            android:exported="false" >
95-->[com.google.firebase:firebase-auth:19.3.1] AndroidManifest.xml:35:13-37
96            <meta-data
96-->[:firebase_analytics] AndroidManifest.xml:13:13-15:85
97                android:name="com.google.firebase.components:io.flutter.plugins.firebaseanalytics.FlutterFirebaseAppRegistrar"
97-->[:firebase_analytics] AndroidManifest.xml:14:17-127
98                android:value="com.google.firebase.components.ComponentRegistrar" />
98-->[:firebase_analytics] AndroidManifest.xml:15:17-82
99            <meta-data
99-->[:firebase_auth] AndroidManifest.xml:9:13-11:85
100                android:name="com.google.firebase.components:io.flutter.plugins.firebaseauth.FlutterFirebaseAppRegistrar"
100-->[:firebase_auth] AndroidManifest.xml:10:17-122
101                android:value="com.google.firebase.components.ComponentRegistrar" />
101-->[:firebase_auth] AndroidManifest.xml:11:17-82
102            <meta-data
102-->[com.google.firebase:firebase-auth:19.3.1] AndroidManifest.xml:36:13-38:85
103                android:name="com.google.firebase.components:com.google.firebase.auth.FirebaseAuthRegistrar"
103-->[com.google.firebase:firebase-auth:19.3.1] AndroidManifest.xml:37:17-109
104                android:value="com.google.firebase.components.ComponentRegistrar" />
104-->[com.google.firebase:firebase-auth:19.3.1] AndroidManifest.xml:38:17-82
105            <meta-data
105-->[:cloud_firestore] AndroidManifest.xml:9:13-11:85
106                android:name="com.google.firebase.components:io.flutter.plugins.firebase.cloudfirestore.FlutterFirebaseAppRegistrar"
106-->[:cloud_firestore] AndroidManifest.xml:10:17-133
107                android:value="com.google.firebase.components.ComponentRegistrar" />
107-->[:cloud_firestore] AndroidManifest.xml:11:17-82
108            <meta-data
108-->[:firebase_database] AndroidManifest.xml:9:13-11:85
109                android:name="com.google.firebase.components:io.flutter.plugins.firebase.database.FlutterFirebaseAppRegistrar"
109-->[:firebase_database] AndroidManifest.xml:10:17-127
110                android:value="com.google.firebase.components.ComponentRegistrar" />
110-->[:firebase_database] AndroidManifest.xml:11:17-82
111            <meta-data
111-->[:firebase_core] AndroidManifest.xml:9:13-11:85
112                android:name="com.google.firebase.components:io.flutter.plugins.firebase.core.FlutterFirebaseAppRegistrar"
112-->[:firebase_core] AndroidManifest.xml:10:17-123
113                android:value="com.google.firebase.components.ComponentRegistrar" />
113-->[:firebase_core] AndroidManifest.xml:11:17-82
114            <meta-data
114-->[com.google.android.gms:play-services-measurement-api:17.2.2] AndroidManifest.xml:30:13-32:85
115                android:name="com.google.firebase.components:com.google.firebase.analytics.connector.internal.AnalyticsConnectorRegistrar"
115-->[com.google.android.gms:play-services-measurement-api:17.2.2] AndroidManifest.xml:31:17-139
116                android:value="com.google.firebase.components.ComponentRegistrar" />
116-->[com.google.android.gms:play-services-measurement-api:17.2.2] AndroidManifest.xml:32:17-82
117            <meta-data
117-->[com.google.firebase:firebase-firestore:21.3.0] AndroidManifest.xml:20:13-22:85
118                android:name="com.google.firebase.components:com.google.firebase.firestore.FirestoreRegistrar"
118-->[com.google.firebase:firebase-firestore:21.3.0] AndroidManifest.xml:21:17-111
119                android:value="com.google.firebase.components.ComponentRegistrar" />
119-->[com.google.firebase:firebase-firestore:21.3.0] AndroidManifest.xml:22:17-82
120            <meta-data
120-->[com.google.firebase:firebase-database:17.0.0] AndroidManifest.xml:30:13-32:85
121                android:name="com.google.firebase.components:com.google.firebase.database.DatabaseRegistrar"
121-->[com.google.firebase:firebase-database:17.0.0] AndroidManifest.xml:31:17-109
122                android:value="com.google.firebase.components.ComponentRegistrar" />
122-->[com.google.firebase:firebase-database:17.0.0] AndroidManifest.xml:32:17-82
123            <meta-data
123-->[com.google.firebase:firebase-iid:20.0.2] AndroidManifest.xml:32:13-34:85
124                android:name="com.google.firebase.components:com.google.firebase.iid.Registrar"
124-->[com.google.firebase:firebase-iid:20.0.2] AndroidManifest.xml:33:17-96
125                android:value="com.google.firebase.components.ComponentRegistrar" />
125-->[com.google.firebase:firebase-iid:20.0.2] AndroidManifest.xml:34:17-82
126        </service>
127
128        <activity
128-->[com.google.firebase:firebase-auth:19.3.1] AndroidManifest.xml:24:9-31:50
129            android:name="com.google.firebase.auth.internal.FederatedSignInActivity"
129-->[com.google.firebase:firebase-auth:19.3.1] AndroidManifest.xml:25:13-85
130            android:excludeFromRecents="true"
130-->[com.google.firebase:firebase-auth:19.3.1] AndroidManifest.xml:26:13-46
131            android:exported="true"
131-->[com.google.firebase:firebase-auth:19.3.1] AndroidManifest.xml:27:13-36
132            android:launchMode="singleTask"
132-->[com.google.firebase:firebase-auth:19.3.1] AndroidManifest.xml:28:13-44
133            android:permission="com.google.firebase.auth.api.gms.permission.LAUNCH_FEDERATED_SIGN_IN"
133-->[com.google.firebase:firebase-auth:19.3.1] AndroidManifest.xml:29:13-102
134            android:theme="@android:style/Theme.Translucent.NoTitleBar" />
134-->[com.google.firebase:firebase-auth:19.3.1] AndroidManifest.xml:30:13-72
135
136        <receiver
136-->[com.google.android.gms:play-services-measurement:17.2.2] AndroidManifest.xml:29:9-33:20
137            android:name="com.google.android.gms.measurement.AppMeasurementReceiver"
137-->[com.google.android.gms:play-services-measurement:17.2.2] AndroidManifest.xml:30:13-85
138            android:enabled="true"
138-->[com.google.android.gms:play-services-measurement:17.2.2] AndroidManifest.xml:31:13-35
139            android:exported="false" >
139-->[com.google.android.gms:play-services-measurement:17.2.2] AndroidManifest.xml:32:13-37
140        </receiver>
141        <receiver
141-->[com.google.android.gms:play-services-measurement:17.2.2] AndroidManifest.xml:34:9-42:20
142            android:name="com.google.android.gms.measurement.AppMeasurementInstallReferrerReceiver"
142-->[com.google.android.gms:play-services-measurement:17.2.2] AndroidManifest.xml:35:13-100
143            android:enabled="true"
143-->[com.google.android.gms:play-services-measurement:17.2.2] AndroidManifest.xml:36:13-35
144            android:exported="true"
144-->[com.google.android.gms:play-services-measurement:17.2.2] AndroidManifest.xml:37:13-36
145            android:permission="android.permission.INSTALL_PACKAGES" >
145-->[com.google.android.gms:play-services-measurement:17.2.2] AndroidManifest.xml:38:13-69
146            <intent-filter>
146-->[com.google.android.gms:play-services-measurement:17.2.2] AndroidManifest.xml:39:13-41:29
147                <action android:name="com.android.vending.INSTALL_REFERRER" />
147-->[com.google.android.gms:play-services-measurement:17.2.2] AndroidManifest.xml:40:17-79
147-->[com.google.android.gms:play-services-measurement:17.2.2] AndroidManifest.xml:40:25-76
148            </intent-filter>
149        </receiver>
150
151        <service
151-->[com.google.android.gms:play-services-measurement:17.2.2] AndroidManifest.xml:44:9-47:40
152            android:name="com.google.android.gms.measurement.AppMeasurementService"
152-->[com.google.android.gms:play-services-measurement:17.2.2] AndroidManifest.xml:45:13-84
153            android:enabled="true"
153-->[com.google.android.gms:play-services-measurement:17.2.2] AndroidManifest.xml:46:13-35
154            android:exported="false" />
154-->[com.google.android.gms:play-services-measurement:17.2.2] AndroidManifest.xml:47:13-37
155        <service
155-->[com.google.android.gms:play-services-measurement:17.2.2] AndroidManifest.xml:48:9-52:72
156            android:name="com.google.android.gms.measurement.AppMeasurementJobService"
156-->[com.google.android.gms:play-services-measurement:17.2.2] AndroidManifest.xml:49:13-87
157            android:enabled="true"
157-->[com.google.android.gms:play-services-measurement:17.2.2] AndroidManifest.xml:50:13-35
158            android:exported="false"
158-->[com.google.android.gms:play-services-measurement:17.2.2] AndroidManifest.xml:51:13-37
159            android:permission="android.permission.BIND_JOB_SERVICE" />
159-->[com.google.android.gms:play-services-measurement:17.2.2] AndroidManifest.xml:52:13-69
160
161        <receiver
161-->[com.google.firebase:firebase-iid:20.0.2] AndroidManifest.xml:37:9-44:20
162            android:name="com.google.firebase.iid.FirebaseInstanceIdReceiver"
162-->[com.google.firebase:firebase-iid:20.0.2] AndroidManifest.xml:38:13-78
163            android:exported="true"
163-->[com.google.firebase:firebase-iid:20.0.2] AndroidManifest.xml:39:13-36
164            android:permission="com.google.android.c2dm.permission.SEND" >
164-->[com.google.firebase:firebase-iid:20.0.2] AndroidManifest.xml:40:13-73
165            <intent-filter>
165-->[com.google.firebase:firebase-iid:20.0.2] AndroidManifest.xml:41:13-43:29
166                <action android:name="com.google.android.c2dm.intent.RECEIVE" />
166-->[com.google.firebase:firebase-iid:20.0.2] AndroidManifest.xml:42:17-81
166-->[com.google.firebase:firebase-iid:20.0.2] AndroidManifest.xml:42:25-78
167            </intent-filter>
168        </receiver>
169
170        <activity
170-->[com.nds.threeds:threedssdk-release:1.1.17] AndroidManifest.xml:11:9-14:58
171            android:name="com.ndsthreeds.android.sdk.ChallengeFlowActivity"
171-->[com.nds.threeds:threedssdk-release:1.1.17] AndroidManifest.xml:12:13-76
172            android:configChanges="orientation|screenSize"
172-->[com.nds.threeds:threedssdk-release:1.1.17] AndroidManifest.xml:13:13-59
173            android:windowSoftInputMode="adjustResize" />
173-->[com.nds.threeds:threedssdk-release:1.1.17] AndroidManifest.xml:14:13-55
174        <activity
174-->[com.google.android.gms:play-services-base:17.1.0] AndroidManifest.xml:23:9-26:75
175            android:name="com.google.android.gms.common.api.GoogleApiActivity"
175-->[com.google.android.gms:play-services-base:17.1.0] AndroidManifest.xml:24:13-79
176            android:exported="false"
176-->[com.google.android.gms:play-services-base:17.1.0] AndroidManifest.xml:25:13-37
177            android:theme="@android:style/Theme.Translucent.NoTitleBar" />
177-->[com.google.android.gms:play-services-base:17.1.0] AndroidManifest.xml:26:13-72
178
179        <provider
179-->[com.google.firebase:firebase-common:19.3.0] AndroidManifest.xml:26:9-30:39
180            android:name="com.google.firebase.provider.FirebaseInitProvider"
180-->[com.google.firebase:firebase-common:19.3.0] AndroidManifest.xml:27:13-77
181            android:authorities="com.coudeo.rstikapp.firebaseinitprovider"
181-->[com.google.firebase:firebase-common:19.3.0] AndroidManifest.xml:28:13-72
182            android:exported="false"
182-->[com.google.firebase:firebase-common:19.3.0] AndroidManifest.xml:29:13-37
183            android:initOrder="100" />
183-->[com.google.firebase:firebase-common:19.3.0] AndroidManifest.xml:30:13-36
184
185        <meta-data
185-->[com.google.android.gms:play-services-basement:17.0.0] AndroidManifest.xml:23:9-25:69
186            android:name="com.google.android.gms.version"
186-->[com.google.android.gms:play-services-basement:17.0.0] AndroidManifest.xml:24:13-58
187            android:value="@integer/google_play_services_version" />
187-->[com.google.android.gms:play-services-basement:17.0.0] AndroidManifest.xml:25:13-66
188    </application>
189
190</manifest>